# JRE version: OpenJDK Runtime Environment (17.0.11) (build 17.0.11+0--11852314)
# Java VM: OpenJDK 64-Bit Server VM (17.0.11+0--11852314, mixed mode, tiered, compressed oops, compressed class ptrs, g1 gc, windows-amd64)
GC Precious Log:
 CPUs: 12 total, 12 available
 Memory: 24520M
 Large Page Support: Disabled
 NUMA Support: Disabled
 Compressed Oops: Enabled (Zero based)
 Heap Region Size: 4M
 Heap Min Capacity: 8M
 Heap Initial Capacity: 384M
 Heap Max Capacity: 6132M
 Pre-touch: Disabled
 Parallel Workers: 10
 Concurrent Workers: 3
 Concurrent Refinement Workers: 10
 Periodic GC: Disabled
Heap:
 garbage-first heap   total 409600K, used 101159K [0x0000000680c00000, 0x0000000800000000)
  region size 4096K, 6 young (24576K), 3 survivors (12288K)
 Metaspace       used 63587K, committed 63872K, reserved 1114112K
  class space    used 7162K, committed 7296K, reserved 1048576K
GC Heap History (20 events):
Event: 3.017 GC heap before
{Heap before GC invocations=11 (full 0):
 garbage-first heap   total 122880K, used 89903K [0x0000000680c00000, 0x0000000800000000)
  region size 4096K, 18 young (73728K), 1 survivors (4096K)
 Metaspace       used 48633K, committed 48960K, reserved 1114112K
  class space    used 5854K, committed 6016K, reserved 1048576K
}
Event: 3.027 GC heap after
{Heap after GC invocations=12 (full 0):
 garbage-first heap   total 122880K, used 36884K [0x0000000680c00000, 0x0000000800000000)
  region size 4096K, 3 young (12288K), 3 survivors (12288K)
 Metaspace       used 48633K, committed 48960K, reserved 1114112K
  class space    used 5854K, committed 6016K, reserved 1048576K
}
Event: 3.302 GC heap before
{Heap before GC invocations=12 (full 0):
 garbage-first heap   total 122880K, used 77844K [0x0000000680c00000, 0x0000000800000000)
  region size 4096K, 14 young (57344K), 3 survivors (12288K)
 Metaspace       used 50210K, committed 50496K, reserved 1114112K
  class space    used 5998K, committed 6144K, reserved 1048576K
}
Event: 3.318 GC heap after
{Heap after GC invocations=13 (full 0):
 garbage-first heap   total 122880K, used 40831K [0x0000000680c00000, 0x0000000800000000)
  region size 4096K, 1 young (4096K), 1 survivors (4096K)
 Metaspace       used 50210K, committed 50496K, reserved 1114112K
  class space    used 5998K, committed 6144K, reserved 1048576K
}
Event: 4.169 GC heap before
{Heap before GC invocations=13 (full 0):
 garbage-first heap   total 122880K, used 81791K [0x0000000680c00000, 0x0000000800000000)
  region size 4096K, 12 young (49152K), 1 survivors (4096K)
 Metaspace       used 55425K, committed 55680K, reserved 1114112K
  class space    used 6546K, committed 6656K, reserved 1048576K
}
Event: 4.184 GC heap after
{Heap after GC invocations=14 (full 0):
 garbage-first heap   total 122880K, used 48357K [0x0000000680c00000, 0x0000000800000000)
  region size 4096K, 2 young (8192K), 2 survivors (8192K)
 Metaspace       used 55425K, committed 55680K, reserved 1114112K
  class space    used 6546K, committed 6656K, reserved 1048576K
}
Event: 4.650 GC heap before
{Heap before GC invocations=14 (full 0):
 garbage-first heap   total 122880K, used 85221K [0x0000000680c00000, 0x0000000800000000)
  region size 4096K, 11 young (45056K), 2 survivors (8192K)
 Metaspace       used 57202K, committed 57472K, reserved 1114112K
  class space    used 6706K, committed 6848K, reserved 1048576K
}
Event: 4.669 GC heap after
{Heap after GC invocations=15 (full 0):
 garbage-first heap   total 159744K, used 55353K [0x0000000680c00000, 0x0000000800000000)
  region size 4096K, 2 young (8192K), 2 survivors (8192K)
 Metaspace       used 57202K, committed 57472K, reserved 1114112K
  class space    used 6706K, committed 6848K, reserved 1048576K
}
Event: 4.875 GC heap before
{Heap before GC invocations=15 (full 0):
 garbage-first heap   total 159744K, used 108601K [0x0000000680c00000, 0x0000000800000000)
  region size 4096K, 15 young (61440K), 2 survivors (8192K)
 Metaspace       used 57245K, committed 57536K, reserved 1114112K
  class space    used 6708K, committed 6848K, reserved 1048576K
}
Event: 4.885 GC heap after
{Heap after GC invocations=16 (full 0):
 garbage-first heap   total 159744K, used 61152K [0x0000000680c00000, 0x0000000800000000)
  region size 4096K, 2 young (8192K), 2 survivors (8192K)
 Metaspace       used 57245K, committed 57536K, reserved 1114112K
  class space    used 6708K, committed 6848K, reserved 1048576K
}
Event: 4.997 GC heap before
{Heap before GC invocations=16 (full 0):
 garbage-first heap   total 159744K, used 114400K [0x0000000680c00000, 0x0000000800000000)
  region size 4096K, 15 young (61440K), 2 survivors (8192K)
 Metaspace       used 57374K, committed 57664K, reserved 1114112K
  class space    used 6714K, committed 6848K, reserved 1048576K
}
Event: 5.007 GC heap after
{Heap after GC invocations=17 (full 0):
 garbage-first heap   total 159744K, used 68443K [0x0000000680c00000, 0x0000000800000000)
  region size 4096K, 2 young (8192K), 2 survivors (8192K)
 Metaspace       used 57374K, committed 57664K, reserved 1114112K
  class space    used 6714K, committed 6848K, reserved 1048576K
}
Event: 6.336 GC heap before
{Heap before GC invocations=17 (full 0):
 garbage-first heap   total 159744K, used 117595K [0x0000000680c00000, 0x0000000800000000)
  region size 4096K, 14 young (57344K), 2 survivors (8192K)
 Metaspace       used 60425K, committed 60736K, reserved 1114112K
  class space    used 6960K, committed 7104K, reserved 1048576K
}
Event: 6.346 GC heap after
{Heap after GC invocations=18 (full 0):
 garbage-first heap   total 159744K, used 74184K [0x0000000680c00000, 0x0000000800000000)
  region size 4096K, 2 young (8192K), 2 survivors (8192K)
 Metaspace       used 60425K, committed 60736K, reserved 1114112K
  class space    used 6960K, committed 7104K, reserved 1048576K
}
Event: 6.497 GC heap before
{Heap before GC invocations=18 (full 0):
 garbage-first heap   total 159744K, used 119240K [0x0000000680c00000, 0x0000000800000000)
  region size 4096K, 13 young (53248K), 2 survivors (8192K)
 Metaspace       used 60425K, committed 60736K, reserved 1114112K
  class space    used 6960K, committed 7104K, reserved 1048576K
}
Event: 6.505 GC heap after
{Heap after GC invocations=19 (full 0):
 garbage-first heap   total 159744K, used 78777K [0x0000000680c00000, 0x0000000800000000)
  region size 4096K, 1 young (4096K), 1 survivors (4096K)
 Metaspace       used 60425K, committed 60736K, reserved 1114112K
  class space    used 6960K, committed 7104K, reserved 1048576K
}
Event: 6.594 GC heap before
{Heap before GC invocations=20 (full 0):
 garbage-first heap   total 204800K, used 123833K [0x0000000680c00000, 0x0000000800000000)
  region size 4096K, 12 young (49152K), 1 survivors (4096K)
 Metaspace       used 60475K, committed 60736K, reserved 1114112K
  class space    used 6967K, committed 7104K, reserved 1048576K
}
Event: 6.602 GC heap after
{Heap after GC invocations=21 (full 0):
 garbage-first heap   total 204800K, used 84553K [0x0000000680c00000, 0x0000000800000000)
  region size 4096K, 2 young (8192K), 2 survivors (8192K)
 Metaspace       used 60475K, committed 60736K, reserved 1114112K
  class space    used 6967K, committed 7104K, reserved 1048576K
}
Event: 7.743 GC heap before
{Heap before GC invocations=21 (full 0):
 garbage-first heap   total 204800K, used 154185K [0x0000000680c00000, 0x0000000800000000)
  region size 4096K, 19 young (77824K), 2 survivors (8192K)
 Metaspace       used 63308K, committed 63616K, reserved 1114112K
  class space    used 7162K, committed 7296K, reserved 1048576K
}
Event: 7.755 GC heap after
{Heap after GC invocations=22 (full 0):
 garbage-first heap   total 409600K, used 92967K [0x0000000680c00000, 0x0000000800000000)
  region size 4096K, 3 young (12288K), 3 survivors (12288K)
 Metaspace       used 63308K, committed 63616K, reserved 1114112K
  class space    used 7162K, committed 7296K, reserved 1048576K
}

